
ASEM-51 V1.3                                         Copyright (c) 2002 by W.W. Heinz                                         PAGE 1





       MCS-51 Family Macro Assembler   A S E M - 5 1   V 1.3
       =====================================================



	Source File:	src/gboot51-2.asm
	Object File:	bin/gboot51-2.hex
	List File:	bin/gboot51-2.lst



 Line  I  Addr  Code            Source

    1:
    2:		N      000D		CR equ 0dh
    3:
    4:				cseg
    5:	  0000	02 00 2B		ljmp main
    6:				; space reserved for vector table
    7:	  0003			ie0_vector:
    8:	  0003	02 00 03		ljmp $
    9:	  0006	N      0005		ds 5
   10:	  000B			tf0_vector:
   11:	  000B	02 00 0B		ljmp $
   12:	  000E	N      0005		ds 5
   13:	  0013			ie1_vector:
   14:	  0013	02 00 13		ljmp $
   15:	  0016	N      0005		ds 5
   16:	  001B			tf1_vector:
   17:	  001B	02 00 1B		ljmp $
   18:	  001E	N      0005		ds 5
   19:	  0023			serial_vector:
   20:	  0023	02 00 23		ljmp $
   21:	  0026	N      0005		ds 5
   22:
   23:	  002B			main:
   24:	  002B	11 35			acall uart_init_baud_gen
   25:
   26:	  002D			loop_echo:
   27:
   28:	  002D	11 41			acall uart_rx_char
   29:	  002F	F5 99		 	mov sbuf, a
   30:	  0031	11 4F			acall uart_tx_char
   31:
   32:	  0033	80 F8		  	sjmp loop_echo ; jump back to the beginning of the loop
   33:
   34:				; initializes timer 1 as standard uart baud rate generator
   35:				; <-- timer 1: 9600bps, mode 2, 8-bit auto-reload
   36:				; <-- serial port: mode 1, 8-bit
   37:	  0035			uart_init_baud_gen:
   38:	  0035	75 89 20		mov tmod, #20h
   39:	  0038	75 8D FD		mov th1, #0fdh
   40:	  003B	D2 8E			setb tr1
   41:
   42:	  003D	75 98 50		mov scon, #50h
   43:

ASEM-51 V1.3                                         Copyright (c) 2002 by W.W. Heinz                                         PAGE 2



 Line  I  Addr  Code            Source

   44:	  0040	22			ret
   45:
   46:				; receives a character from serial port
   47:				; <-- a: character received
   48:	  0041			uart_rx_char:
   49:	  0041	30 98 FD		jnb ri, $
   50:	  0044	C2 98			clr ri
   51:	  0046	E5 99			mov a, sbuf
   52:	  0048	22			ret
   53:
   54:				; receives a string from the serial port
   55:				; --> dptr: location of string that was received
   56:	  0049			uart_rx_string:
   57:	  0049			loop_rx_string:
   58:	  0049	11 41			acall uart_rx_char
   59:
   60:	  004B	B4 0D FB		cjne a, #CR, loop_rx_string
   61:
   62:	  004E	22			ret
   63:
   64:				; transmits character via serial port
   65:				; --> a: character to be sent
   66:	  004F			uart_tx_char:
   67:	  004F	30 99 FD		jnb ti, $
   68:	  0052	C2 99			clr ti
   69:
   70:	  0054	22			ret
   71:				end
   72:
   73:





                     register banks used:  ---

                     no errors




ASEM-51 V1.3                                         Copyright (c) 2002 by W.W. Heinz                                         PAGE 3





	       L I S T   O F   S Y M B O L S
	       =============================


SYMBOL				  TYPE     VALUE	LINE
------------------------------------------------------------
??ASEM_51			  NUMBER    8051
??VERSION			  NUMBER    0130
AC				  BIT	      D6
ACC				  DATA	      E0
B				  DATA	      F0
CR				  NUMBER    000D	   2
CY				  BIT	      D7
DPH				  DATA	      83
DPL				  DATA	      82
EA				  BIT	      AF
ES				  BIT	      AC
ET0				  BIT	      A9
ET1				  BIT	      AB
EX0				  BIT	      A8
EX1				  BIT	      AA
EXTI0				  CODE	    0003
EXTI1				  CODE	    0013
F0				  BIT	      D5
IE				  DATA	      A8
IE0				  BIT	      89
IE0_VECTOR			  CODE	    0003	   7
IE1				  BIT	      8B
IE1_VECTOR			  CODE	    0013	  13
INT0				  BIT	      B2
INT1				  BIT	      B3
IP				  DATA	      B8
IT0				  BIT	      88
IT1				  BIT	      8A
LOOP_ECHO			  CODE	    002D	  26
LOOP_RX_STRING			  CODE	    0049	  57
MAIN				  CODE	    002B	  23
OV				  BIT	      D2
P				  BIT	      D0
P0				  DATA	      80
P1				  DATA	      90
P2				  DATA	      A0
P3				  DATA	      B0
PCON				  DATA	      87
PS				  BIT	      BC
PSW				  DATA	      D0
PT0				  BIT	      B9
PT1				  BIT	      BB
PX0				  BIT	      B8
PX1				  BIT	      BA
RB8				  BIT	      9A
RD				  BIT	      B7
REN				  BIT	      9C
RESET				  CODE	    0000
RI				  BIT	      98
RS0				  BIT	      D3

ASEM-51 V1.3                                         Copyright (c) 2002 by W.W. Heinz                                         PAGE 4



SYMBOL				  TYPE     VALUE	LINE
------------------------------------------------------------
RS1				  BIT	      D4
RXD				  BIT	      B0
SBUF				  DATA	      99
SCON				  DATA	      98
SERIAL_VECTOR			  CODE	    0023	  19
SINT				  CODE	    0023
SM0				  BIT	      9F
SM1				  BIT	      9E
SM2				  BIT	      9D
SP				  DATA	      81
T0				  BIT	      B4
T1				  BIT	      B5
TB8				  BIT	      9B
TCON				  DATA	      88
TF0				  BIT	      8D
TF0_VECTOR			  CODE	    000B	  10
TF1				  BIT	      8F
TF1_VECTOR			  CODE	    001B	  16
TH0				  DATA	      8C
TH1				  DATA	      8D
TI				  BIT	      99
TIMER0				  CODE	    000B
TIMER1				  CODE	    001B
TL0				  DATA	      8A
TL1				  DATA	      8B
TMOD				  DATA	      89
TR0				  BIT	      8C
TR1				  BIT	      8E
TXD				  BIT	      B1
UART_INIT_BAUD_GEN		  CODE	    0035	  37
UART_RX_CHAR			  CODE	    0041	  48
UART_RX_STRING			  CODE	    0049	  56
UART_TX_CHAR			  CODE	    004F	  66
WR				  BIT	      B6
