                                      1 ;--------------------------------------------------------
                                      2 ; File Created by SDCC : free open source ANSI-C Compiler
                                      3 ; Version 4.2.0 #13081 (MINGW64)
                                      4 ;--------------------------------------------------------
                                      5 	.module ADD16B01
                                      6 	.optsdcc -mmcs51 --model-small
                                      7 	
                                      8 ;--------------------------------------------------------
                                      9 ; Public variables in this module
                                     10 ;--------------------------------------------------------
                                     11 	.globl _main
                                     12 	.globl _CY
                                     13 	.globl _AC
                                     14 	.globl _F0
                                     15 	.globl _RS1
                                     16 	.globl _RS0
                                     17 	.globl _OV
                                     18 	.globl _F1
                                     19 	.globl _P
                                     20 	.globl _PS
                                     21 	.globl _PT1
                                     22 	.globl _PX1
                                     23 	.globl _PT0
                                     24 	.globl _PX0
                                     25 	.globl _RD
                                     26 	.globl _WR
                                     27 	.globl _T1
                                     28 	.globl _T0
                                     29 	.globl _INT1
                                     30 	.globl _INT0
                                     31 	.globl _TXD
                                     32 	.globl _RXD
                                     33 	.globl _P3_7
                                     34 	.globl _P3_6
                                     35 	.globl _P3_5
                                     36 	.globl _P3_4
                                     37 	.globl _P3_3
                                     38 	.globl _P3_2
                                     39 	.globl _P3_1
                                     40 	.globl _P3_0
                                     41 	.globl _EA
                                     42 	.globl _ES
                                     43 	.globl _ET1
                                     44 	.globl _EX1
                                     45 	.globl _ET0
                                     46 	.globl _EX0
                                     47 	.globl _P2_7
                                     48 	.globl _P2_6
                                     49 	.globl _P2_5
                                     50 	.globl _P2_4
                                     51 	.globl _P2_3
                                     52 	.globl _P2_2
                                     53 	.globl _P2_1
                                     54 	.globl _P2_0
                                     55 	.globl _SM0
                                     56 	.globl _SM1
                                     57 	.globl _SM2
                                     58 	.globl _REN
                                     59 	.globl _TB8
                                     60 	.globl _RB8
                                     61 	.globl _TI
                                     62 	.globl _RI
                                     63 	.globl _P1_7
                                     64 	.globl _P1_6
                                     65 	.globl _P1_5
                                     66 	.globl _P1_4
                                     67 	.globl _P1_3
                                     68 	.globl _P1_2
                                     69 	.globl _P1_1
                                     70 	.globl _P1_0
                                     71 	.globl _TF1
                                     72 	.globl _TR1
                                     73 	.globl _TF0
                                     74 	.globl _TR0
                                     75 	.globl _IE1
                                     76 	.globl _IT1
                                     77 	.globl _IE0
                                     78 	.globl _IT0
                                     79 	.globl _P0_7
                                     80 	.globl _P0_6
                                     81 	.globl _P0_5
                                     82 	.globl _P0_4
                                     83 	.globl _P0_3
                                     84 	.globl _P0_2
                                     85 	.globl _P0_1
                                     86 	.globl _P0_0
                                     87 	.globl _B
                                     88 	.globl _ACC
                                     89 	.globl _PSW
                                     90 	.globl _IP
                                     91 	.globl _P3
                                     92 	.globl _IE
                                     93 	.globl _P2
                                     94 	.globl _SBUF
                                     95 	.globl _SCON
                                     96 	.globl _P1
                                     97 	.globl _TH1
                                     98 	.globl _TH0
                                     99 	.globl _TL1
                                    100 	.globl _TL0
                                    101 	.globl _TMOD
                                    102 	.globl _TCON
                                    103 	.globl _PCON
                                    104 	.globl _DPH
                                    105 	.globl _DPL
                                    106 	.globl _SP
                                    107 	.globl _P0
                                    108 	.globl _var3
                                    109 	.globl _var2
                                    110 	.globl _var1
                                    111 ;--------------------------------------------------------
                                    112 ; special function registers
                                    113 ;--------------------------------------------------------
                                    114 	.area RSEG    (ABS,DATA)
      000000                        115 	.org 0x0000
                           000080   116 _P0	=	0x0080
                           000081   117 _SP	=	0x0081
                           000082   118 _DPL	=	0x0082
                           000083   119 _DPH	=	0x0083
                           000087   120 _PCON	=	0x0087
                           000088   121 _TCON	=	0x0088
                           000089   122 _TMOD	=	0x0089
                           00008A   123 _TL0	=	0x008a
                           00008B   124 _TL1	=	0x008b
                           00008C   125 _TH0	=	0x008c
                           00008D   126 _TH1	=	0x008d
                           000090   127 _P1	=	0x0090
                           000098   128 _SCON	=	0x0098
                           000099   129 _SBUF	=	0x0099
                           0000A0   130 _P2	=	0x00a0
                           0000A8   131 _IE	=	0x00a8
                           0000B0   132 _P3	=	0x00b0
                           0000B8   133 _IP	=	0x00b8
                           0000D0   134 _PSW	=	0x00d0
                           0000E0   135 _ACC	=	0x00e0
                           0000F0   136 _B	=	0x00f0
                                    137 ;--------------------------------------------------------
                                    138 ; special function bits
                                    139 ;--------------------------------------------------------
                                    140 	.area RSEG    (ABS,DATA)
      000000                        141 	.org 0x0000
                           000080   142 _P0_0	=	0x0080
                           000081   143 _P0_1	=	0x0081
                           000082   144 _P0_2	=	0x0082
                           000083   145 _P0_3	=	0x0083
                           000084   146 _P0_4	=	0x0084
                           000085   147 _P0_5	=	0x0085
                           000086   148 _P0_6	=	0x0086
                           000087   149 _P0_7	=	0x0087
                           000088   150 _IT0	=	0x0088
                           000089   151 _IE0	=	0x0089
                           00008A   152 _IT1	=	0x008a
                           00008B   153 _IE1	=	0x008b
                           00008C   154 _TR0	=	0x008c
                           00008D   155 _TF0	=	0x008d
                           00008E   156 _TR1	=	0x008e
                           00008F   157 _TF1	=	0x008f
                           000090   158 _P1_0	=	0x0090
                           000091   159 _P1_1	=	0x0091
                           000092   160 _P1_2	=	0x0092
                           000093   161 _P1_3	=	0x0093
                           000094   162 _P1_4	=	0x0094
                           000095   163 _P1_5	=	0x0095
                           000096   164 _P1_6	=	0x0096
                           000097   165 _P1_7	=	0x0097
                           000098   166 _RI	=	0x0098
                           000099   167 _TI	=	0x0099
                           00009A   168 _RB8	=	0x009a
                           00009B   169 _TB8	=	0x009b
                           00009C   170 _REN	=	0x009c
                           00009D   171 _SM2	=	0x009d
                           00009E   172 _SM1	=	0x009e
                           00009F   173 _SM0	=	0x009f
                           0000A0   174 _P2_0	=	0x00a0
                           0000A1   175 _P2_1	=	0x00a1
                           0000A2   176 _P2_2	=	0x00a2
                           0000A3   177 _P2_3	=	0x00a3
                           0000A4   178 _P2_4	=	0x00a4
                           0000A5   179 _P2_5	=	0x00a5
                           0000A6   180 _P2_6	=	0x00a6
                           0000A7   181 _P2_7	=	0x00a7
                           0000A8   182 _EX0	=	0x00a8
                           0000A9   183 _ET0	=	0x00a9
                           0000AA   184 _EX1	=	0x00aa
                           0000AB   185 _ET1	=	0x00ab
                           0000AC   186 _ES	=	0x00ac
                           0000AF   187 _EA	=	0x00af
                           0000B0   188 _P3_0	=	0x00b0
                           0000B1   189 _P3_1	=	0x00b1
                           0000B2   190 _P3_2	=	0x00b2
                           0000B3   191 _P3_3	=	0x00b3
                           0000B4   192 _P3_4	=	0x00b4
                           0000B5   193 _P3_5	=	0x00b5
                           0000B6   194 _P3_6	=	0x00b6
                           0000B7   195 _P3_7	=	0x00b7
                           0000B0   196 _RXD	=	0x00b0
                           0000B1   197 _TXD	=	0x00b1
                           0000B2   198 _INT0	=	0x00b2
                           0000B3   199 _INT1	=	0x00b3
                           0000B4   200 _T0	=	0x00b4
                           0000B5   201 _T1	=	0x00b5
                           0000B6   202 _WR	=	0x00b6
                           0000B7   203 _RD	=	0x00b7
                           0000B8   204 _PX0	=	0x00b8
                           0000B9   205 _PT0	=	0x00b9
                           0000BA   206 _PX1	=	0x00ba
                           0000BB   207 _PT1	=	0x00bb
                           0000BC   208 _PS	=	0x00bc
                           0000D0   209 _P	=	0x00d0
                           0000D1   210 _F1	=	0x00d1
                           0000D2   211 _OV	=	0x00d2
                           0000D3   212 _RS0	=	0x00d3
                           0000D4   213 _RS1	=	0x00d4
                           0000D5   214 _F0	=	0x00d5
                           0000D6   215 _AC	=	0x00d6
                           0000D7   216 _CY	=	0x00d7
                                    217 ;--------------------------------------------------------
                                    218 ; overlayable register banks
                                    219 ;--------------------------------------------------------
                                    220 	.area REG_BANK_0	(REL,OVR,DATA)
      000000                        221 	.ds 8
                                    222 ;--------------------------------------------------------
                                    223 ; internal ram data
                                    224 ;--------------------------------------------------------
                                    225 	.area DSEG    (DATA)
      000000                        226 _var1::
      000000                        227 	.ds 2
      000002                        228 _var2::
      000002                        229 	.ds 2
      000004                        230 _var3::
      000004                        231 	.ds 2
                                    232 ;--------------------------------------------------------
                                    233 ; overlayable items in internal ram
                                    234 ;--------------------------------------------------------
                                    235 ;--------------------------------------------------------
                                    236 ; Stack segment in internal ram
                                    237 ;--------------------------------------------------------
                                    238 	.area	SSEG
      000000                        239 __start__stack:
      000000                        240 	.ds	1
                                    241 
                                    242 ;--------------------------------------------------------
                                    243 ; indirectly addressable internal ram data
                                    244 ;--------------------------------------------------------
                                    245 	.area ISEG    (DATA)
                                    246 ;--------------------------------------------------------
                                    247 ; absolute internal ram data
                                    248 ;--------------------------------------------------------
                                    249 	.area IABS    (ABS,DATA)
                                    250 	.area IABS    (ABS,DATA)
                                    251 ;--------------------------------------------------------
                                    252 ; bit data
                                    253 ;--------------------------------------------------------
                                    254 	.area BSEG    (BIT)
                                    255 ;--------------------------------------------------------
                                    256 ; paged external ram data
                                    257 ;--------------------------------------------------------
                                    258 	.area PSEG    (PAG,XDATA)
                                    259 ;--------------------------------------------------------
                                    260 ; external ram data
                                    261 ;--------------------------------------------------------
                                    262 	.area XSEG    (XDATA)
                                    263 ;--------------------------------------------------------
                                    264 ; absolute external ram data
                                    265 ;--------------------------------------------------------
                                    266 	.area XABS    (ABS,XDATA)
                                    267 ;--------------------------------------------------------
                                    268 ; external initialized ram data
                                    269 ;--------------------------------------------------------
                                    270 	.area XISEG   (XDATA)
                                    271 	.area HOME    (CODE)
                                    272 	.area GSINIT0 (CODE)
                                    273 	.area GSINIT1 (CODE)
                                    274 	.area GSINIT2 (CODE)
                                    275 	.area GSINIT3 (CODE)
                                    276 	.area GSINIT4 (CODE)
                                    277 	.area GSINIT5 (CODE)
                                    278 	.area GSINIT  (CODE)
                                    279 	.area GSFINAL (CODE)
                                    280 	.area CSEG    (CODE)
                                    281 ;--------------------------------------------------------
                                    282 ; interrupt vector
                                    283 ;--------------------------------------------------------
                                    284 	.area HOME    (CODE)
      000000                        285 __interrupt_vect:
      000000 02r00r00         [24]  286 	ljmp	__sdcc_gsinit_startup
                                    287 ;--------------------------------------------------------
                                    288 ; global & static initialisations
                                    289 ;--------------------------------------------------------
                                    290 	.area HOME    (CODE)
                                    291 	.area GSINIT  (CODE)
                                    292 	.area GSFINAL (CODE)
                                    293 	.area GSINIT  (CODE)
                                    294 	.globl __sdcc_gsinit_startup
                                    295 	.globl __sdcc_program_startup
                                    296 	.globl __start__stack
                                    297 	.globl __mcs51_genXINIT
                                    298 	.globl __mcs51_genXRAMCLEAR
                                    299 	.globl __mcs51_genRAMCLEAR
                                    300 ;	ADD16B01.C:3: int var1 = 5;
      000000 75*00 05         [24]  301 	mov	_var1,#0x05
      000003 75*01 00         [24]  302 	mov	(_var1 + 1),#0x00
                                    303 ;	ADD16B01.C:4: int var2 = 6;
      000006 75*02 06         [24]  304 	mov	_var2,#0x06
      000009 75*03 00         [24]  305 	mov	(_var2 + 1),#0x00
                                    306 ;	ADD16B01.C:5: int var3 = 7;
      00000C 75*04 07         [24]  307 	mov	_var3,#0x07
      00000F 75*05 00         [24]  308 	mov	(_var3 + 1),#0x00
                                    309 	.area GSFINAL (CODE)
      000000 02r00r03         [24]  310 	ljmp	__sdcc_program_startup
                                    311 ;--------------------------------------------------------
                                    312 ; Home
                                    313 ;--------------------------------------------------------
                                    314 	.area HOME    (CODE)
                                    315 	.area HOME    (CODE)
      000003                        316 __sdcc_program_startup:
      000003 02r00r00         [24]  317 	ljmp	_main
                                    318 ;	return from main will return to caller
                                    319 ;--------------------------------------------------------
                                    320 ; code
                                    321 ;--------------------------------------------------------
                                    322 	.area CSEG    (CODE)
                                    323 ;------------------------------------------------------------
                                    324 ;Allocation info for local variables in function 'main'
                                    325 ;------------------------------------------------------------
                                    326 ;	ADD16B01.C:7: void main(void)
                                    327 ;	-----------------------------------------
                                    328 ;	 function main
                                    329 ;	-----------------------------------------
      000000                        330 _main:
                           000007   331 	ar7 = 0x07
                           000006   332 	ar6 = 0x06
                           000005   333 	ar5 = 0x05
                           000004   334 	ar4 = 0x04
                           000003   335 	ar3 = 0x03
                           000002   336 	ar2 = 0x02
                           000001   337 	ar1 = 0x01
                           000000   338 	ar0 = 0x00
                                    339 ;	ADD16B01.C:9: while (1)
      000000                        340 00102$:
                                    341 ;	ADD16B01.C:11: var3 = var1 + var2;
      000000 E5*02            [12]  342 	mov	a,_var2
      000002 25*00            [12]  343 	add	a,_var1
      000004 F5*04            [12]  344 	mov	_var3,a
      000006 E5*03            [12]  345 	mov	a,(_var2 + 1)
      000008 35*01            [12]  346 	addc	a,(_var1 + 1)
      00000A F5*05            [12]  347 	mov	(_var3 + 1),a
                                    348 ;	ADD16B01.C:13: }
      00000C 80 F2            [24]  349 	sjmp	00102$
                                    350 	.area CSEG    (CODE)
                                    351 	.area CONST   (CODE)
                                    352 	.area XINIT   (CODE)
                                    353 	.area CABS    (ABS,CODE)
